2017-07-07 11:52:08 2017-07-07 11:52:08: installing "Base" ...
2017-07-07 11:52:10 2017-07-07 11:52:10: done (1.8715269565582s).
2017-07-07 11:52:10 2017-07-07 11:52:10: creating admin user ...
2017-07-07 11:52:10 2017-07-07 11:52:10: done (0.0076010227203369s).
2017-07-07 11:52:10 2017-07-07 11:52:10: setting mail server ...
2017-07-07 11:52:10 2017-07-07 11:52:10: done (0.0040619373321533s).
2017-07-07 11:52:10 2017-07-07 11:52:10: Installing modules ...
2017-07-07 11:52:10  * 2017-07-07 11:52:10 - Applets/Calc (2017-07-07 11:52:10 0.003108024597168s)
2017-07-07 11:52:10  * 2017-07-07 11:52:10 - Applets/Clock (2017-07-07 11:52:10 0.0031919479370117s)
2017-07-07 11:52:10  * 2017-07-07 11:52:10 - Applets/Google (2017-07-07 11:52:10 0.0031390190124512s)
2017-07-07 11:52:10  * 2017-07-07 11:52:10 - Applets/Host (2017-07-07 11:52:10 0.0046780109405518s)
2017-07-07 11:52:10  * 2017-07-07 11:52:10 - Applets/Note (2017-07-07 11:52:10 0.0036828517913818s)
2017-07-07 11:52:10  * 2017-07-07 11:52:10 - Applets/RssFeed (2017-07-07 11:52:10 0.035352945327759s)
2017-07-07 11:52:10  * 2017-07-07 11:52:10 - Applets/Calc (2017-07-07 11:52:10 3.8862228393555E-5s)
2017-07-07 11:52:10  * 2017-07-07 11:52:10 - Applets/MonthView (2017-07-07 11:52:12 1.7978980541229s)
2017-07-07 11:52:12  * 2017-07-07 11:52:12 - Applets/Birthdays (2017-07-07 11:52:12 0.0043618679046631s)
2017-07-07 11:52:12  * 2017-07-07 11:52:12 - Applets/Weather (2017-07-07 11:52:12 0.0033450126647949s)
2017-07-07 11:52:12  * 2017-07-07 11:52:12 - Apps/ActivityReport (2017-07-07 11:52:12 0.016853094100952s)
2017-07-07 11:52:12  * 2017-07-07 11:52:12 - CRM/Contacts (2017-07-07 11:52:12 7.2002410888672E-5s)
2017-07-07 11:52:12  * 2017-07-07 11:52:12 - CRM/Roundcube (2017-07-07 11:52:13 1.5228681564331s)
2017-07-07 11:52:13  * 2017-07-07 11:52:13 - CRM/Contacts/Activities (2017-07-07 11:52:13 0.009476900100708s)
2017-07-07 11:52:13  * 2017-07-07 11:52:13 - CRM/PhoneCall (2017-07-07 11:52:14 0.55608606338501s)
2017-07-07 11:52:14  * 2017-07-07 11:52:14 - CRM/Calendar (2017-07-07 11:52:14 4.6968460083008E-5s)
2017-07-07 11:52:14  * 2017-07-07 11:52:14 - CRM/LoginAudit (2017-07-07 11:52:14 0.02082896232605s)
2017-07-07 11:52:14  * 2017-07-07 11:52:14 - CRM/Tasks (2017-07-07 11:52:14 0.48054003715515s)
2017-07-07 11:52:14  * 2017-07-07 11:52:14 - CRM/WhoIsOnline (2017-07-07 11:52:14 0.019600868225098s)
2017-07-07 11:52:14  * 2017-07-07 11:52:14 - CRM/Followup (2017-07-07 11:52:14 0.0032799243927002s)
2017-07-07 11:52:14  * 2017-07-07 11:52:14 - CRM/Meeting (2017-07-07 11:52:15 0.43909215927124s)
2017-07-07 11:52:15  * 2017-07-07 11:52:15 - Tools/SetDefaults (2017-07-07 11:52:15 0.055469989776611s)
2017-07-07 11:52:15  * 2017-07-07 11:52:15 - Tools/SessionKeeper (2017-07-07 11:52:15 0.0033600330352783s)
2017-07-07 11:52:15  * 2017-07-07 11:52:15 - Apps/Shoutbox (2017-07-07 11:52:15 0.031895160675049s)
2017-07-07 11:52:15  * 2017-07-07 11:52:15 - Base/About (2017-07-07 11:52:15 0.0068619251251221s)
2017-07-07 11:52:15  * 2017-07-07 11:52:15 - Base/Notify (2017-07-07 11:52:15 0.037917137145996s)
2017-07-07 11:52:15  * 2017-07-07 11:52:15 - Base/Error (2017-07-07 11:52:15 0.0069220066070557s)
2017-07-07 11:52:15  * 2017-07-07 11:52:15 - Base/Mail/ContactUs (2017-07-07 11:52:15 0.0041100978851318s)
2017-07-07 11:52:15  * 2017-07-07 11:52:15 - Utils/RecordBrowser/CustomRecordsets (2017-07-07 11:52:15 0.017504930496216s)
2017-07-07 11:52:15 2017-07-07 11:52:15: done (5.0934710502625s).
2017-07-07 11:52:15 2017-07-07 11:52:15: Refreshing cache of modules ...
2017-07-07 11:52:15 2017-07-07 11:52:15: done (0.45174407958984s).
2017-07-07 11:52:15 2017-07-07 11:52:15: Creating cache of template files ...
2017-07-07 11:52:15 2017-07-07 11:52:15: done (0.0003819465637207s).
2017-07-07 11:52:15 2017-07-07 11:52:15: Updating translation files ...
2017-07-07 11:52:16 2017-07-07 11:52:16: done (0.31306004524231s).
